arguments: C:\\Users\\Nou\ Sagi\\Desktop\\datsedenspace\\src\\rewind\\viewer\\rewindviewer.exe
Current dir: C:\Users\Nou Sagi\Desktop\datsedenspace\src\rewind\viewer
File verbosity level: 0
date       time         ( uptime  ) [ thread name/id ]                   file:line     v| 
2024-04-06 20:50:24.050 (   0.002s) [main thread     ]             loguru.hpp:1971     0| Logging to 'rewindviewer.log', mode: 'w', verbosity: 0
2024-04-06 20:50:24.050 (   0.002s) [main thread     ]               main.cpp:35       0| Init GLFW
2024-04-06 20:50:24.125 (   0.077s) [main thread     ]               main.cpp:95       0| Create main window
2024-04-06 20:50:24.291 (   0.242s) [main thread     ]               main.cpp:115      0| Setup application icon
2024-04-06 20:50:24.293 (   0.245s) [main thread     ]               main.cpp:47       0| Load OpenGL functions
2024-04-06 20:50:24.293 (   0.245s) [main thread     ]               main.cpp:54       0| OpenGL 3.3.0 - Build 31.0.101.4502, GLSL 3.30 - Build 31.0.101.4502
2024-04-06 20:50:24.293 (   0.245s) [main thread     ]               main.cpp:55       0| Driver Intel, Renderer Intel(R) Iris(R) Xe Graphics
2024-04-06 20:50:24.293 (   0.245s) [main thread     ]               main.cpp:66       0| Setup vertical sync to 60fps
2024-04-06 20:50:24.293 (   0.245s) [main thread     ]               main.cpp:69       0| Start main draw loop
2024-04-06 20:50:24.293 (   0.245s) [main thread     ]               main.cpp:126      0| Try load configuration file
2024-04-06 20:50:24.294 (   0.245s) [main thread     ]               main.cpp:130      0| Create camera
2024-04-06 20:50:24.294 (   0.245s) [main thread     ]               main.cpp:134      0| Create Resource manager
2024-04-06 20:50:24.294 (   0.245s) [main thread     ]               main.cpp:138      0| Create Scene
2024-04-06 20:50:24.294 (   0.246s) [main thread     ]           Renderer.cpp:65       0| Initialize needed attributes
2024-04-06 20:50:24.294 (   0.246s) [main thread     ]           Renderer.cpp:71       0| Compile shaders
2024-04-06 20:50:24.294 (   0.246s) [main thread     ]             Shader.cpp:112      0| Start compiling shader in directory 'resources/shaders/': vertex=color_pos.vert, fragment=color_pos.frag
2024-04-06 20:50:24.294 (   0.246s) [main thread     ]             Shader.cpp:115      0| Load Vertex shader
2024-04-06 20:50:24.294 (   0.246s) [main thread     ]             Shader.cpp:117      0| Compile Vertex shader
2024-04-06 20:50:24.295 (   0.246s) [main thread     ]             Shader.cpp:120      0| Load Fragment shader
2024-04-06 20:50:24.295 (   0.246s) [main thread     ]             Shader.cpp:122      0| Compile Fragment shader
2024-04-06 20:50:24.295 (   0.247s) [main thread     ]             Shader.cpp:133      0| Link shader program
2024-04-06 20:50:24.296 (   0.247s) [main thread     ]             Shader.cpp:109      0| Start compiling shader in directory 'resources/shaders/': vertex=circle.vert, fragment=circle.frag, geometry=circle.geom
2024-04-06 20:50:24.296 (   0.248s) [main thread     ]             Shader.cpp:115      0| Load Vertex shader
2024-04-06 20:50:24.296 (   0.248s) [main thread     ]             Shader.cpp:117      0| Compile Vertex shader
2024-04-06 20:50:24.297 (   0.248s) [main thread     ]             Shader.cpp:120      0| Load Fragment shader
2024-04-06 20:50:24.297 (   0.248s) [main thread     ]             Shader.cpp:122      0| Compile Fragment shader
2024-04-06 20:50:24.297 (   0.249s) [main thread     ]             Shader.cpp:127      0| Load Geometry shader
2024-04-06 20:50:24.297 (   0.249s) [main thread     ]             Shader.cpp:129      0| Compile Geometry shader
2024-04-06 20:50:24.298 (   0.249s) [main thread     ]             Shader.cpp:133      0| Link shader program
2024-04-06 20:50:24.305 (   0.257s) [main thread     ]             Shader.cpp:112      0| Start compiling shader in directory 'resources/shaders/': vertex=simple.vert, fragment=uniform_color.frag
2024-04-06 20:50:24.305 (   0.257s) [main thread     ]             Shader.cpp:115      0| Load Vertex shader
2024-04-06 20:50:24.306 (   0.257s) [main thread     ]             Shader.cpp:117      0| Compile Vertex shader
2024-04-06 20:50:24.306 (   0.258s) [main thread     ]             Shader.cpp:120      0| Load Fragment shader
2024-04-06 20:50:24.306 (   0.258s) [main thread     ]             Shader.cpp:122      0| Compile Fragment shader
2024-04-06 20:50:24.306 (   0.258s) [main thread     ]             Shader.cpp:133      0| Link shader program
2024-04-06 20:50:24.307 (   0.259s) [main thread     ]           Renderer.cpp:75       0| Create rectangle for future rendering
2024-04-06 20:50:24.307 (   0.259s) [main thread     ]           Renderer.cpp:99       0| Create Uniform buffer
2024-04-06 20:50:24.308 (   0.259s) [main thread     ]           Renderer.cpp:107      0| Bind Uniform buffer to shaders
2024-04-06 20:50:24.308 (   0.259s) [main thread     ]               main.cpp:141      0| Create GUI controller
2024-04-06 20:50:24.331 (   0.283s) [main thread     ]               main.cpp:149      0| Create network protocol handler: working with JSON protocol
2024-04-06 20:50:24.331 (   0.283s) [main thread     ]               main.cpp:154      0| Start networking thread
2024-04-06 20:50:24.333 (   0.284s) [main thread     ]               main.cpp:167      0| Start render loop
2024-04-06 20:50:24.335 (   0.287s) [                ]        NetListener.cpp:34       0| NetClient:: Start listening
2024-04-06 20:50:29.490 (   5.442s) [                ]        NetListener.cpp:48       0| NetListener:: Got connection from 127.0.0.1:33001
2024-04-06 20:50:29.492 (   5.444s) [                ]       ProtoHandler.cpp:64    WARN| Incorrect layer id 0, should be in range 1-10. Will use 1 instead
2024-04-06 20:50:34.204 (  10.156s) [                ]        NetListener.cpp:34       0| NetClient:: Start listening
